<?xml version="1.0" encoding="UTF-8"?>
<testsuite xmlns:xsi="http://www.w3.org/2001/XMLSchema-instance" xsi:noNamespaceSchemaLocation="https://maven.apache.org/surefire/maven-surefire-plugin/xsd/surefire-test-report.xsd" version="3.0.2" name="com.sistema.gestion.GestionApplicationTests" time="4.778" tests="1" errors="0" skipped="0" failures="0">
  <properties>
[...]
</properties>
  <testcase name="contextLoads" classname="com.sistema.gestion.GestionApplicationTests" time="0.825">
    <system-out><![CDATA[16:34:54.048 [main] INFO org.springframework.test.context.support.AnnotationConfigContextLoaderUtils -- Could not detect default configuration classes for test class [com.sistema.gestion.GestionApplicationTests]: GestionApplicationTests does not declare any static, non-private, non-final, nested classes annotated with @Configuration.
16:34:54.160 [main] INFO org.springframework.boot.test.context.SpringBootTestContextBootstrapper -- Found @SpringBootConfiguration com.sistema.gestion.GestionApplication for test class com.sistema.gestion.GestionApplicationTests
16:34:54.345 [main] INFO org.springframework.boot.devtools.restart.RestartApplicationListener -- Restart disabled due to context in which it is running

  .   ____          _            __ _ _
 /\\ / ___'_ __ _ _(_)_ __  __ _ \ \ \ \
( ( )\___ | '_ | '_| | '_ \/ _` | \ \ \ \
 \\/  ___)| |_)| | | | | || (_| |  ) ) ) )
  '  |____| .__|_| |_|_| |_\__, | / / / /
 =========|_|==============|___/=/_/_/_/

 :: Spring Boot ::                (v3.4.1)

2025-02-12T16:34:54.605-03:00  INFO 16648 --- [gestion] [           main] c.s.gestion.GestionApplicationTests      : Starting GestionApplicationTests using Java 17.0.9 with PID 16648 (started by Mathias in D:\Mathias\Proyectos\sistema_gestion\backend)
2025-02-12T16:34:54.607-03:00  INFO 16648 --- [gestion] [           main] c.s.gestion.GestionApplicationTests      : No active profile set, falling back to 1 default profile: "default"
2025-02-12T16:34:55.545-03:00  INFO 16648 --- [gestion] [           main] .s.d.r.c.RepositoryConfigurationDelegate : Bootstrapping Spring Data Reactive MongoDB repositories in DEFAULT mode.
2025-02-12T16:34:55.698-03:00  INFO 16648 --- [gestion] [           main] .s.d.r.c.RepositoryConfigurationDelegate : Finished Spring Data repository scanning in 146 ms. Found 10 Reactive MongoDB repository interfaces.
2025-02-12T16:34:56.401-03:00  INFO 16648 --- [gestion] [8ut.mongodb.net] org.mongodb.driver.cluster               : Adding discovered server test-shard-00-01.of8ut.mongodb.net:27017 to client view of cluster
2025-02-12T16:34:56.424-03:00  INFO 16648 --- [gestion] [           main] org.mongodb.driver.client                : MongoClient with metadata {"application": {"name": "Test"}, "driver": {"name": "mongo-java-driver|reactive-streams|spring-boot", "version": "5.2.1"}, "os": {"type": "Windows", "name": "Windows 11", "architecture": "amd64", "version": "10.0"}, "platform": "Java/Oracle Corporation/17.0.9+11-LTS-201"} created with settings MongoClientSettings{readPreference=primary, writeConcern=WriteConcern{w=majority, wTimeout=null ms, journal=null}, retryWrites=true, retryReads=true, readConcern=ReadConcern{level=null}, credential=MongoCredential{mechanism=null, userName='juanexequielmorales', source='admin', password=<hidden>, mechanismProperties=<hidden>}, transportSettings=NettyTransportSettings{eventLoopGroup=io.netty.channel.nio.NioEventLoopGroup@5a9840f3, socketChannelClass=null, allocator=null, sslContext=null}, commandListeners=[], codecRegistry=ProvidersCodecRegistry{codecProviders=[ValueCodecProvider{}, BsonValueCodecProvider{}, DBRefCodecProvider{}, DBObjectCodecProvider{}, DocumentCodecProvider{}, CollectionCodecProvider{}, IterableCodecProvider{}, MapCodecProvider{}, GeoJsonCodecProvider{}, GridFSFileCodecProvider{}, Jsr310CodecProvider{}, JsonObjectCodecProvider{}, BsonCodecProvider{}, EnumCodecProvider{}, com.mongodb.client.model.mql.ExpressionCodecProvider@7d30007d, com.mongodb.Jep395RecordCodecProvider@382d71c7, com.mongodb.KotlinCodecProvider@2ca54da9]}, loggerSettings=LoggerSettings{maxDocumentLength=1000}, clusterSettings={hosts=[127.0.0.1:27017], srvHost=test.of8ut.mongodb.net, srvServiceName=mongodb, mode=MULTIPLE, requiredClusterType=REPLICA_SET, requiredReplicaSetName='atlas-pnvii0-shard-0', serverSelector='null', clusterListeners='[]', serverSelectionTimeout='30000 ms', localThreshold='15 ms'}, socketSettings=SocketSettings{connectTimeoutMS=10000, readTimeoutMS=0, receiveBufferSize=0, proxySettings=ProxySettings{host=null, port=null, username=null, password=null}}, heartbeatSocketSettings=SocketSettings{connectTimeoutMS=10000, readTimeoutMS=10000, receiveBufferSize=0, proxySettings=ProxySettings{host=null, port=null, username=null, password=null}}, connectionPoolSettings=ConnectionPoolSettings{maxSize=100, minSize=0, maxWaitTimeMS=120000, maxConnectionLifeTimeMS=0, maxConnectionIdleTimeMS=0, maintenanceInitialDelayMS=0, maintenanceFrequencyMS=60000, connectionPoolListeners=[], maxConnecting=2}, serverSettings=ServerSettings{heartbeatFrequencyMS=10000, minHeartbeatFrequencyMS=500, serverMonitoringMode=AUTO, serverListeners='[]', serverMonitorListeners='[]'}, sslSettings=SslSettings{enabled=true, invalidHostNameAllowed=false, context=null}, applicationName='Test', compressorList=[], uuidRepresentation=JAVA_LEGACY, serverApi=null, autoEncryptionSettings=null, dnsClient=null, inetAddressResolver=null, contextProvider=null, timeoutMS=null}
2025-02-12T16:34:56.433-03:00  INFO 16648 --- [gestion] [8ut.mongodb.net] org.mongodb.driver.cluster               : Adding discovered server test-shard-00-02.of8ut.mongodb.net:27017 to client view of cluster
2025-02-12T16:34:56.438-03:00  INFO 16648 --- [gestion] [8ut.mongodb.net] org.mongodb.driver.cluster               : Adding discovered server test-shard-00-00.of8ut.mongodb.net:27017 to client view of cluster
2025-02-12T16:34:57.276-03:00  INFO 16648 --- [gestion] [ngodb.net:27017] org.mongodb.driver.cluster               : Monitor thread successfully connected to server with description ServerDescription{address=test-shard-00-01.of8ut.mongodb.net:27017, type=REPLICA_SET_SECONDARY, cryptd=false, state=CONNECTED, ok=true, minWireVersion=0, maxWireVersion=25, maxDocumentSize=16777216, logicalSessionTimeoutMinutes=30, roundTripTimeNanos=378072300, minRoundTripTimeNanos=0, setName='atlas-pnvii0-shard-0', canonicalAddress=test-shard-00-01.of8ut.mongodb.net:27017, hosts=[test-shard-00-01.of8ut.mongodb.net:27017, test-shard-00-02.of8ut.mongodb.net:27017, test-shard-00-00.of8ut.mongodb.net:27017], passives=[], arbiters=[], primary='test-shard-00-02.of8ut.mongodb.net:27017', tagSet=TagSet{[Tag{name='availabilityZone', value='sae1-az3'}, Tag{name='diskState', value='READY'}, Tag{name='nodeType', value='ELECTABLE'}, Tag{name='provider', value='AWS'}, Tag{name='region', value='SA_EAST_1'}, Tag{name='workloadType', value='OPERATIONAL'}]}, electionId=null, setVersion=1, topologyVersion=TopologyVersion{processId=679f95c9ef3b04a27a0ba0c3, counter=3}, lastWriteDate=Wed Feb 12 16:34:48 ART 2025, lastUpdateTimeNanos=22016075910300}
2025-02-12T16:34:57.276-03:00  INFO 16648 --- [gestion] [ngodb.net:27017] org.mongodb.driver.cluster               : Monitor thread successfully connected to server with description ServerDescription{address=test-shard-00-00.of8ut.mongodb.net:27017, type=REPLICA_SET_SECONDARY, cryptd=false, state=CONNECTED, ok=true, minWireVersion=0, maxWireVersion=25, maxDocumentSize=16777216, logicalSessionTimeoutMinutes=30, roundTripTimeNanos=378082400, minRoundTripTimeNanos=0, setName='atlas-pnvii0-shard-0', canonicalAddress=test-shard-00-00.of8ut.mongodb.net:27017, hosts=[test-shard-00-01.of8ut.mongodb.net:27017, test-shard-00-02.of8ut.mongodb.net:27017, test-shard-00-00.of8ut.mongodb.net:27017], passives=[], arbiters=[], primary='test-shard-00-02.of8ut.mongodb.net:27017', tagSet=TagSet{[Tag{name='availabilityZone', value='sae1-az1'}, Tag{name='diskState', value='READY'}, Tag{name='nodeType', value='ELECTABLE'}, Tag{name='provider', value='AWS'}, Tag{name='region', value='SA_EAST_1'}, Tag{name='workloadType', value='OPERATIONAL'}]}, electionId=null, setVersion=1, topologyVersion=TopologyVersion{processId=679f8eff8da83af507bbe8a8, counter=4}, lastWriteDate=Wed Feb 12 16:34:48 ART 2025, lastUpdateTimeNanos=22016075910200}
2025-02-12T16:34:57.276-03:00  INFO 16648 --- [gestion] [ngodb.net:27017] org.mongodb.driver.cluster               : Monitor thread successfully connected to server with description ServerDescription{address=test-shard-00-02.of8ut.mongodb.net:27017, type=REPLICA_SET_PRIMARY, cryptd=false, state=CONNECTED, ok=true, minWireVersion=0, maxWireVersion=25, maxDocumentSize=16777216, logicalSessionTimeoutMinutes=30, roundTripTimeNanos=378088800, minRoundTripTimeNanos=0, setName='atlas-pnvii0-shard-0', canonicalAddress=test-shard-00-02.of8ut.mongodb.net:27017, hosts=[test-shard-00-01.of8ut.mongodb.net:27017, test-shard-00-02.of8ut.mongodb.net:27017, test-shard-00-00.of8ut.mongodb.net:27017], passives=[], arbiters=[], primary='test-shard-00-02.of8ut.mongodb.net:27017', tagSet=TagSet{[Tag{name='availabilityZone', value='sae1-az2'}, Tag{name='diskState', value='READY'}, Tag{name='nodeType', value='ELECTABLE'}, Tag{name='provider', value='AWS'}, Tag{name='region', value='SA_EAST_1'}, Tag{name='workloadType', value='OPERATIONAL'}]}, electionId=7fffffff0000000000000014, setVersion=1, topologyVersion=TopologyVersion{processId=679f92fd6a4b5b4ad0305d81, counter=6}, lastWriteDate=Wed Feb 12 16:34:48 ART 2025, lastUpdateTimeNanos=22016075910200}
2025-02-12T16:34:57.280-03:00  INFO 16648 --- [gestion] [ngodb.net:27017] org.mongodb.driver.cluster               : Discovered replica set primary test-shard-00-02.of8ut.mongodb.net:27017 with max election id 7fffffff0000000000000014 and max set version 1
2025-02-12T16:34:57.837-03:00  INFO 16648 --- [gestion] [           main] c.s.gestion.GestionApplicationTests      : Started GestionApplicationTests in 3.509 seconds (process running for 4.576)
]]></system-out>
  </testcase>
</testsuite>